<?xml version="1.0" encoding="UTF-8"?>
<!-- Generated by org.testng.reporters.JUnitReportReporter -->
<testsuite hostname="DESKTOP-TBDUV95" failures="0" tests="4" name="booking.Bookflight" time="0.021" errors="0" timestamp="2021-04-25T04:27:13 GMT-07:00" skipped="0">
  <testcase classname="booking.Bookflight" name="BookFlight_RoundTrip_TestCase2" time="0.002"/>
  <system-out/>
  <testcase classname="booking.Bookflight" name="BookFlight_OneWay_TestCase1" time="0.015"/>
  <system-out/>
  <testcase classname="booking.Bookflight" name="BookFlight_RoundTrip_TestCase1" time="0.002"/>
  <system-out/>
  <testcase classname="booking.Bookflight" name="BookFlight_OneWay_TestCase2" time="0.002"/>
  <system-out/>
</testsuite> <!-- booking.Bookflight -->
