<?xml version="1.0" encoding="UTF-8"?>
<!-- Generated by org.testng.reporters.JUnitReportReporter -->
<testsuite hostname="DESKTOP-TBDUV95" failures="0" tests="3" name="booking.BookHotel" time="0.006" errors="0" timestamp="2021-04-25T04:27:13 GMT-07:00" skipped="0">
  <testcase classname="booking.BookHotel" name="BookHotel_CheckIn" time="0.002"/>
  <system-out/>
  <testcase classname="booking.BookHotel" name="BookHotel_CheckOut" time="0.002"/>
  <system-out/>
  <testcase classname="booking.BookHotel" name="BookHotel_destinationCity" time="0.002"/>
  <system-out/>
</testsuite> <!-- booking.BookHotel -->
