<?xml version="1.0" encoding="UTF-8"?>
<!-- Generated by org.testng.reporters.JUnitReportReporter -->
<testsuite hostname="DESKTOP-TBDUV95" failures="0" tests="3" name="booking.BookHolidayPackage" time="0.007" errors="0" timestamp="2021-04-25T04:27:13 GMT-07:00" skipped="0">
  <testcase classname="booking.BookHolidayPackage" name="BookHolidayPackage_departure" time="0.003"/>
  <system-out/>
  <testcase classname="booking.BookHolidayPackage" name="BookHolidayPackage_return" time="0.002"/>
  <system-out/>
  <testcase classname="booking.BookHolidayPackage" name="BookHolidayPackage_destination" time="0.002"/>
  <system-out/>
</testsuite> <!-- booking.BookHolidayPackage -->
